<?xml version="1.0" encoding="UTF-8"?>
<!-- Generated by org.testng.reporters.JUnitReportReporter -->
<testsuite hostname="Grace" failures="0" tests="1" name="qaclickacademy.mavenjava.RESTAPTITest" time="0.019" errors="0" timestamp="2021-09-06T18:24:06 GMT-05:00" skipped="0">
  <testcase classname="qaclickacademy.mavenjava.RESTAPTITest" name="deleteTwitter" time="0.019"/>
  <system-out/>
</testsuite> <!-- qaclickacademy.mavenjava.RESTAPTITest -->
