<?xml version="1.0" encoding="UTF-8"?>
<!-- Generated by org.testng.reporters.JUnitReportReporter -->
<testsuite hostname="Grace" failures="0" tests="2" name="qaclickacademy.mavenjava.ApiumTest" time="0.000" errors="0" timestamp="2021-09-06T20:44:35 GMT-05:00" skipped="0">
  <testcase classname="qaclickacademy.mavenjava.ApiumTest" name="IOSApps" time="0.000"/>
  <system-out/>
  <testcase classname="qaclickacademy.mavenjava.ApiumTest" name="nativeAppAndroid" time="0.000"/>
  <system-out/>
</testsuite> <!-- qaclickacademy.mavenjava.ApiumTest -->
