<?xml version="1.0" encoding="UTF-8"?>
<!-- Generated by org.testng.reporters.JUnitReportReporter -->
<testsuite hostname="Grace" failures="0" tests="2" name="qaclickacademy.mavenjava.RESTAPTITest" time="0.001" errors="0" timestamp="2021-09-06T19:45:55 GMT-05:00" skipped="0">
  <testcase classname="qaclickacademy.mavenjava.RESTAPTITest" name="postJira" time="0.000"/>
  <system-out/>
  <testcase classname="qaclickacademy.mavenjava.RESTAPTITest" name="deleteTwitter" time="0.001"/>
  <system-out/>
</testsuite> <!-- qaclickacademy.mavenjava.RESTAPTITest -->
