<?xml version="1.0" encoding="UTF-8"?>
<!-- Generated by org.testng.reporters.JUnitReportReporter -->
<testsuite hostname="Grace" failures="0" tests="2" name="qaclickacademy.mavenjava.SeleniumTest" time="0.006" errors="0" timestamp="2021-09-06T20:44:35 GMT-05:00" skipped="0">
  <testcase classname="qaclickacademy.mavenjava.SeleniumTest" name="browserAutomation" time="0.006"/>
  <system-out/>
  <testcase classname="qaclickacademy.mavenjava.SeleniumTest" name="elementUI" time="0.000"/>
  <system-out/>
</testsuite> <!-- qaclickacademy.mavenjava.SeleniumTest -->
